SF:lib/main.dart
DA:18,0
DA:19,0
DA:20,0
DA:24,2
DA:45,2
DA:47,2
DA:48,2
DA:50,2
DA:53,2
DA:54,2
DA:61,2
DA:69,2
DA:70,2
DA:78,2
DA:97,2
DA:98,2
DA:99,2
DA:110,2
DA:111,2
DA:112,2
DA:113,2
DA:114,2
DA:115,2
DA:116,2
DA:117,2
DA:124,2
DA:145,2
DA:147,2
DA:179,2
DA:181,2
DA:182,12
DA:183,12
DA:184,2
DA:185,4
DA:186,2
DA:187,10
DA:189,6
DA:190,4
DA:191,1
DA:192,1
DA:195,2
DA:199,2
DA:201,4
DA:202,6
DA:203,2
DA:206,0
DA:207,0
DA:208,0
DA:209,0
DA:213,1
DA:214,1
DA:215,3
DA:216,2
DA:217,1
DA:218,1
DA:219,2
DA:220,1
DA:221,2
DA:225,1
DA:226,1
DA:230,1
DA:233,1
DA:234,1
DA:235,3
DA:236,1
DA:238,1
DA:240,0
DA:246,1
DA:247,2
DA:248,1
DA:249,0
DA:250,0
DA:252,0
DA:253,0
DA:254,0
DA:260,1
DA:261,4
DA:263,2
DA:264,1
DA:265,1
DA:268,4
DA:272,1
DA:273,2
DA:274,0
DA:275,0
DA:276,0
DA:277,0
DA:278,0
DA:281,0
DA:282,1
DA:283,1
DA:284,2
DA:285,1
DA:286,3
DA:292,0
DA:293,0
DA:294,0
DA:295,0
DA:296,0
DA:297,0
DA:300,0
DA:301,0
DA:303,0
DA:305,0
DA:309,0
DA:310,0
DA:312,0
DA:314,0
DA:315,0
DA:319,1
DA:320,1
DA:321,3
DA:323,2
DA:324,1
DA:325,0
DA:330,1
DA:331,1
DA:333,2
DA:334,1
DA:335,1
DA:336,1
DA:337,1
DA:341,3
DA:343,1
DA:346,1
DA:351,1
DA:355,1
DA:358,0
DA:359,0
DA:360,0
DA:364,1
DA:377,1
DA:378,1
DA:379,1
DA:380,1
DA:383,0
DA:384,0
DA:385,0
DA:386,0
DA:387,0
DA:388,0
DA:396,1
DA:397,1
DA:400,0
DA:401,0
DA:402,0
DA:403,0
DA:404,0
DA:405,0
DA:406,0
DA:407,0
DA:408,0
DA:435,0
DA:438,1
DA:439,1
DA:440,2
DA:441,1
DA:442,2
DA:443,1
DA:444,1
DA:445,1
DA:446,2
DA:450,1
DA:451,2
DA:452,2
DA:453,2
DA:454,2
DA:456,1
DA:457,2
DA:458,2
DA:459,4
DA:460,1
DA:461,2
DA:462,2
DA:463,2
DA:466,4
DA:470,1
DA:471,1
DA:472,3
DA:474,3
DA:475,1
DA:477,1
DA:478,3
DA:482,1
DA:483,3
DA:484,3
DA:487,4
DA:491,1
DA:492,1
DA:493,3
DA:496,3
DA:497,1
DA:499,1
DA:500,3
DA:501,4
DA:504,1
DA:505,3
DA:506,3
DA:509,4
DA:513,1
DA:514,2
DA:515,1
DA:516,0
DA:517,0
DA:519,3
DA:521,2
DA:526,3
DA:531,3
DA:533,6
DA:534,2
DA:536,1
DA:538,0
DA:540,3
DA:541,1
DA:542,1
DA:543,3
DA:544,3
DA:548,3
DA:549,3
DA:554,1
DA:555,3
DA:556,1
DA:557,2
DA:558,1
DA:559,1
DA:560,1
DA:561,1
DA:564,2
DA:565,1
DA:566,2
DA:567,1
DA:568,1
DA:569,1
DA:571,1
DA:573,1
DA:574,2
DA:575,1
DA:576,1
DA:577,2
DA:582,0
DA:583,0
DA:584,0
DA:585,0
DA:588,1
DA:589,1
DA:590,2
DA:591,3
DA:594,1
DA:595,4
DA:596,4
DA:597,4
DA:599,1
DA:600,1
DA:601,0
DA:603,1
DA:606,2
DA:608,4
DA:610,2
DA:611,2
DA:612,2
DA:613,2
DA:614,2
DA:618,2
DA:619,2
DA:622,2
DA:625,2
DA:626,2
DA:628,2
DA:631,2
DA:632,2
DA:640,4
DA:645,2
DA:646,2
DA:647,2
DA:648,2
DA:652,2
DA:653,2
DA:654,2
DA:655,4
DA:656,4
DA:659,2
DA:660,2
DA:661,4
DA:663,2
DA:664,2
DA:665,2
DA:666,2
DA:667,4
DA:671,2
DA:672,2
DA:673,2
DA:674,2
DA:677,2
DA:683,2
DA:684,4
DA:689,2
DA:690,4
DA:692,1
DA:693,1
DA:694,0
DA:696,1
DA:700,6
DA:702,4
DA:704,4
DA:705,2
DA:714,2
DA:715,4
DA:717,4
DA:723,2
DA:724,2
DA:725,1
DA:726,2
DA:727,1
DA:761,2
DA:762,2
DA:764,2
DA:765,2
DA:767,2
DA:768,2
DA:769,2
DA:770,2
DA:771,4
DA:774,2
DA:775,2
DA:776,2
DA:777,4
DA:782,2
DA:784,2
DA:788,2
DA:789,6
DA:796,2
DA:798,2
DA:799,2
DA:801,6
DA:803,2
DA:805,6
DA:811,6
DA:816,2
DA:819,2
DA:820,2
DA:821,2
DA:822,2
DA:823,2
DA:827,2
DA:830,2
DA:831,2
DA:832,4
DA:836,2
DA:837,4
DA:847,2
DA:848,1
DA:849,4
DA:853,1
DA:857,5
DA:858,1
DA:859,2
DA:860,1
DA:863,1
DA:864,1
DA:865,1
DA:866,1
DA:867,2
DA:868,1
DA:869,1
DA:870,1
DA:871,2
DA:874,2
DA:879,1
DA:880,1
DA:881,1
DA:885,4
DA:886,1
DA:887,2
DA:888,1
DA:890,2
DA:903,2
DA:904,2
DA:905,7
DA:906,2
DA:907,6
DA:909,2
DA:911,2
DA:913,2
DA:917,2
DA:918,2
DA:919,2
DA:920,2
DA:921,2
DA:923,2
DA:924,1
DA:925,2
DA:929,2
DA:935,0
DA:936,0
DA:938,0
DA:939,0
DA:940,0
DA:941,0
DA:954,2
DA:955,2
DA:956,3
DA:957,2
DA:958,2
DA:959,2
DA:960,2
DA:961,2
DA:962,2
DA:964,2
DA:966,2
DA:970,2
DA:971,2
DA:973,0
DA:974,0
DA:975,0
DA:976,0
DA:977,0
DA:979,0
DA:980,0
DA:981,0
DA:982,0
DA:996,2
DA:997,2
DA:999,2
DA:1001,2
DA:1005,2
DA:1006,4
DA:1010,1
DA:1011,2
DA:1012,1
DA:1013,2
DA:1014,1
DA:1016,1
DA:1017,2
DA:1018,1
DA:1019,3
DA:1032,1
DA:1033,1
DA:1034,1
DA:1036,2
DA:1038,1
DA:1039,1
DA:1040,1
DA:1052,2
DA:1053,2
DA:1055,2
DA:1056,2
DA:1059,2
DA:1060,2
DA:1066,2
DA:1067,2
DA:1068,2
DA:1069,2
DA:1070,1
DA:1071,2
DA:1072,2
DA:1073,3
DA:1074,3
DA:1076,1
DA:1077,4
DA:1079,1
LF:460
LH:382
end_of_record
SF:lib/ai_agent_service.dart
DA:12,7
DA:17,2
DA:18,7
DA:19,7
DA:43,4
DA:44,4
DA:46,5
DA:48,10
DA:49,4
DA:50,4
DA:51,2
DA:55,6
DA:57,2
DA:58,2
DA:59,2
DA:62,2
DA:63,2
DA:64,2
DA:67,0
DA:68,4
DA:72,1
DA:79,1
DA:80,1
DA:81,1
DA:82,1
DA:83,1
DA:90,1
DA:92,0
DA:94,0
DA:95,0
DA:96,0
DA:97,0
DA:100,0
DA:101,0
DA:102,0
DA:105,0
DA:109,1
DA:112,1
DA:113,2
DA:115,1
DA:116,2
DA:117,1
DA:118,4
DA:119,1
DA:120,1
DA:121,1
DA:122,0
DA:123,2
DA:126,1
DA:127,1
DA:129,3
DA:133,1
DA:134,2
DA:135,1
DA:136,2
DA:137,1
DA:138,1
DA:139,2
DA:140,1
DA:143,1
DA:144,1
DA:145,1
DA:147,2
DA:148,1
DA:149,2
DA:150,3
DA:151,0
DA:152,0
DA:154,1
DA:155,1
DA:157,0
DA:159,1
DA:160,2
DA:161,0
DA:165,0
DA:166,0
DA:167,0
DA:168,0
DA:169,0
DA:170,0
DA:172,0
DA:174,0
DA:175,0
DA:176,0
DA:180,2
DA:181,2
DA:182,2
DA:183,3
DA:184,2
DA:186,4
DA:187,3
DA:188,3
DA:190,2
DA:192,0
DA:193,0
DA:195,0
DA:197,2
DA:200,2
DA:201,2
DA:202,4
DA:205,2
DA:207,2
DA:208,2
DA:209,5
DA:215,1
DA:217,1
DA:218,1
DA:219,1
DA:220,1
DA:221,2
DA:222,2
DA:223,1
DA:227,2
DA:228,2
DA:229,2
DA:231,2
DA:232,2
DA:233,4
DA:234,2
DA:235,4
DA:236,6
DA:237,0
DA:238,0
DA:240,2
DA:241,4
DA:242,2
DA:243,4
DA:244,4
DA:245,4
DA:246,4
DA:247,6
DA:249,0
DA:252,2
DA:256,5
DA:258,5
DA:260,5
DA:261,5
DA:262,5
DA:263,5
DA:265,10
DA:269,2
DA:270,2
DA:273,5
DA:274,10
DA:277,5
DA:278,5
DA:281,5
DA:283,5
DA:284,5
DA:285,5
DA:287,5
DA:288,5
DA:289,5
DA:290,5
DA:291,5
DA:292,5
DA:293,6
DA:295,6
DA:296,3
DA:297,3
DA:298,3
DA:306,5
DA:307,5
DA:308,5
DA:310,9
DA:311,6
DA:313,6
DA:314,3
DA:315,3
DA:316,3
DA:326,5
DA:327,5
DA:328,5
DA:330,1
DA:333,10
DA:334,10
DA:336,5
DA:337,5
DA:338,5
DA:339,2
DA:340,5
DA:341,5
DA:342,0
DA:343,0
DA:345,5
DA:346,5
DA:347,10
DA:348,5
DA:349,0
DA:351,5
DA:353,4
DA:354,4
DA:355,4
DA:363,5
DA:365,5
DA:366,3
DA:367,3
DA:368,3
DA:369,3
DA:373,6
DA:374,6
DA:375,7
DA:376,4
DA:379,5
DA:381,5
DA:382,5
DA:383,5
DA:384,10
DA:386,10
DA:388,10
DA:389,5
DA:390,5
DA:392,5
DA:393,5
DA:394,5
DA:396,5
DA:406,5
DA:407,5
DA:408,10
DA:409,10
DA:410,10
DA:411,9
DA:412,4
DA:413,4
DA:417,0
DA:418,0
DA:419,0
DA:420,0
DA:422,0
DA:423,0
DA:425,0
LF:231
LH:190
end_of_record
SF:lib/database_service.dart
DA:12,8
DA:14,8
DA:18,8
DA:19,8
DA:20,8
DA:22,8
DA:25,1
DA:26,1
DA:38,1
DA:39,1
DA:40,1
DA:41,1
DA:43,0
DA:44,0
DA:49,1
DA:50,1
DA:53,1
DA:56,1
DA:59,1
DA:62,1
DA:65,1
DA:69,1
DA:76,1
DA:77,1
DA:78,1
DA:84,6
DA:85,6
DA:86,6
DA:88,12
DA:89,12
DA:90,7
DA:91,12
DA:92,24
DA:94,18
DA:96,24
DA:97,18
DA:99,12
DA:100,12
DA:103,6
DA:104,4
DA:105,4
DA:106,4
DA:107,4
DA:110,12
DA:111,6
DA:112,6
DA:120,10
DA:121,2
DA:122,2
DA:124,10
DA:131,12
DA:142,1
DA:143,1
DA:145,1
DA:146,1
DA:147,1
DA:148,1
DA:149,1
DA:152,1
DA:153,1
DA:154,5
DA:155,1
DA:156,1
DA:157,1
DA:158,3
DA:161,2
DA:162,2
DA:164,2
DA:165,2
DA:166,2
DA:167,2
DA:168,2
DA:171,2
DA:174,6
DA:175,12
DA:176,0
DA:180,8
DA:181,8
DA:182,8
DA:183,1
DA:184,1
DA:185,2
DA:186,2
DA:188,1
DA:189,1
DA:191,1
DA:192,1
DA:193,0
DA:194,1
DA:195,2
DA:196,1
DA:197,1
DA:199,2
DA:207,1
DA:211,4
DA:217,4
DA:218,4
DA:220,20
DA:222,4
DA:224,4
DA:229,8
DA:237,2
DA:238,2
DA:239,2
DA:241,4
DA:242,6
DA:243,2
DA:245,8
DA:246,2
DA:248,2
DA:250,2
DA:251,2
DA:252,2
DA:253,4
DA:254,2
DA:262,1
DA:263,1
DA:264,1
DA:265,2
DA:268,3
DA:269,3
DA:270,3
DA:272,3
DA:277,4
DA:282,4
DA:283,4
DA:286,2
DA:289,2
DA:294,4
DA:302,6
DA:303,6
DA:304,6
DA:305,6
DA:306,30
DA:308,6
DA:310,6
DA:313,18
DA:314,18
DA:319,5
DA:320,5
DA:321,5
DA:322,5
DA:324,5
DA:327,5
DA:334,1
DA:335,1
DA:336,1
DA:338,1
DA:345,1
DA:346,3
DA:347,3
DA:348,1
DA:353,1
DA:356,1
DA:357,1
DA:358,1
DA:367,1
DA:370,2
DA:371,2
DA:372,2
DA:373,1
DA:374,2
DA:377,1
DA:380,1
DA:381,1
DA:382,1
DA:386,8
DA:390,8
LF:168
LH:164
end_of_record
SF:lib/providers.dart
DA:8,6
DA:9,2
DA:12,6
DA:13,2
DA:16,6
DA:17,4
DA:20,9
DA:21,2
DA:24,4
DA:26,4
DA:27,4
DA:28,0
DA:29,0
LF:13
LH:11
end_of_record
SF:lib/profit_report_screen.dart
DA:8,1
DA:10,1
DA:12,2
DA:13,3
DA:14,2
DA:16,1
DA:17,1
DA:18,1
DA:19,1
DA:20,2
DA:21,2
DA:23,2
DA:24,0
DA:25,0
DA:26,0
DA:28,1
DA:30,1
DA:31,1
DA:32,1
DA:40,1
DA:43,3
DA:45,2
DA:47,1
DA:48,1
DA:50,4
DA:58,1
DA:59,1
DA:61,1
DA:63,1
DA:66,1
DA:67,1
DA:69,1
DA:70,1
DA:72,1
DA:73,1
DA:80,1
DA:81,1
DA:84,2
DA:85,1
DA:90,1
DA:91,1
DA:94,1
DA:95,1
DA:96,3
DA:99,1
DA:101,1
DA:102,3
DA:110,1
DA:112,2
DA:113,1
DA:114,1
DA:116,1
DA:117,1
DA:118,2
DA:119,1
DA:122,3
DA:123,1
DA:124,1
DA:125,1
DA:136,2
DA:137,2
DA:138,3
DA:139,1
DA:140,7
DA:142,1
DA:143,3
DA:144,1
DA:146,2
DA:147,1
DA:148,1
DA:160,1
DA:161,4
DA:162,1
DA:163,2
DA:164,2
DA:167,1
DA:168,4
DA:169,1
DA:170,2
DA:171,2
DA:174,1
DA:175,2
DA:176,0
DA:178,2
DA:179,3
DA:181,1
LF:86
LH:82
end_of_record
SF:lib/export_service.dart
DA:16,1
DA:18,0
DA:20,0
DA:21,0
DA:31,1
DA:33,3
DA:35,3
DA:36,9
DA:37,3
DA:43,2
DA:52,2
DA:55,2
DA:56,4
DA:60,2
DA:61,4
DA:65,2
DA:69,2
DA:70,2
DA:72,8
DA:75,2
DA:76,2
DA:79,4
DA:81,2
DA:83,2
DA:84,2
DA:86,2
DA:91,2
DA:92,2
DA:95,6
DA:96,4
DA:97,4
DA:98,4
DA:99,4
DA:101,2
DA:103,2
DA:104,2
DA:106,2
DA:107,4
DA:108,2
DA:117,2
DA:118,2
DA:119,0
DA:124,1
DA:127,1
DA:128,2
DA:131,3
DA:134,3
DA:135,3
DA:136,6
DA:137,3
DA:138,3
DA:139,3
DA:140,3
DA:143,6
DA:144,6
DA:145,9
DA:146,9
DA:147,9
DA:148,9
DA:152,3
DA:153,3
DA:154,0
DA:157,6
DA:158,9
LF:64
LH:59
end_of_record
SF:lib/services/permission_service.dart
DA:11,2
DA:13,1
DA:14,1
DA:17,0
DA:18,0
DA:21,0
DA:27,0
DA:28,0
DA:29,0
DA:32,0
DA:36,1
DA:41,10
DA:42,6
DA:43,1
DA:44,1
DA:45,2
DA:46,2
DA:47,2
LF:18
LH:11
end_of_record
SF:lib/services/gemini_service.dart
DA:14,8
DA:32,1
DA:33,3
DA:34,1
DA:37,1
DA:38,2
DA:39,2
DA:40,1
DA:41,1
DA:42,1
DA:50,2
DA:52,1
DA:53,1
DA:54,1
DA:55,1
DA:57,0
DA:58,0
DA:61,0
DA:62,0
DA:63,0
DA:67,1
DA:68,1
DA:69,1
DA:71,1
DA:75,1
DA:76,1
DA:78,1
DA:84,1
DA:99,1
DA:100,5
DA:102,0
DA:103,0
DA:104,0
DA:105,1
DA:107,1
DA:109,1
DA:116,1
DA:118,2
DA:119,2
DA:120,1
DA:122,1
DA:123,1
DA:124,2
DA:125,2
DA:129,1
DA:130,1
DA:131,1
DA:133,1
DA:139,1
DA:140,3
DA:141,1
DA:144,2
DA:145,1
DA:146,1
DA:147,3
DA:148,2
DA:150,1
DA:151,1
DA:152,1
DA:153,1
DA:154,1
DA:156,1
DA:157,1
DA:158,1
DA:160,2
DA:161,1
DA:162,1
DA:163,2
DA:165,1
DA:169,3
DA:170,1
DA:174,1
DA:175,1
DA:176,1
DA:177,1
DA:178,1
DA:181,2
DA:184,1
DA:185,1
DA:186,1
DA:189,1
DA:190,1
DA:191,1
DA:194,1
DA:195,1
DA:196,1
DA:199,2
LF:87
LH:79
end_of_record
SF:lib/services/audio_ports.dart
DA:25,8
DA:26,7
DA:30,1
DA:31,2
DA:33,1
DA:35,2
DA:36,1
DA:39,2
DA:40,4
DA:42,1
DA:44,2
DA:46,1
DA:48,1
DA:51,2
DA:52,4
DA:56,1
DA:60,1
DA:61,2
DA:63,1
DA:64,2
DA:66,1
DA:67,2
DA:69,1
DA:70,2
DA:72,1
DA:73,2
DA:81,1
DA:83,1
DA:84,1
DA:95,15
DA:99,6
DA:100,12
DA:102,1
DA:103,2
DA:105,1
DA:106,2
DA:108,6
DA:109,12
LF:38
LH:38
end_of_record
SF:lib/yemeni_dictionary.dart
DA:78,8
DA:79,8
DA:80,16
DA:81,8
DA:82,5
LF:5
LH:5
end_of_record
SF:lib/ai_agent_parser.dart
DA:9,8
DA:10,8
DA:11,8
DA:12,8
DA:13,10
DA:14,3
DA:15,3
DA:16,8
DA:17,8
DA:21,3
DA:23,8
DA:24,8
DA:30,10
DA:34,16
DA:42,8
DA:47,8
DA:50,24
DA:51,8
DA:52,9
DA:53,8
DA:54,8
DA:56,8
DA:59,8
DA:60,8
DA:61,8
DA:62,8
DA:63,8
DA:64,8
DA:65,8
DA:66,8
DA:67,8
DA:68,8
DA:69,8
DA:70,24
DA:74,8
DA:76,8
DA:77,8
DA:78,8
DA:79,8
DA:80,8
DA:83,8
DA:84,8
DA:85,8
DA:86,8
DA:87,8
DA:90,8
DA:91,8
DA:92,7
DA:95,7
DA:96,7
DA:97,7
DA:100,7
DA:101,6
DA:102,6
DA:103,5
DA:109,8
DA:110,8
DA:111,7
DA:112,7
DA:113,7
DA:114,7
DA:118,8
DA:119,15
DA:120,14
DA:121,7
DA:125,3
DA:126,6
DA:128,8
DA:129,8
DA:130,8
DA:131,2
DA:134,16
DA:136,12
DA:139,8
DA:175,16
DA:176,40
DA:177,16
DA:178,8
DA:179,8
DA:183,10
DA:210,10
DA:211,5
DA:212,0
DA:213,15
DA:214,0
DA:216,10
DA:217,0
DA:218,0
DA:220,5
DA:221,0
DA:225,5
DA:228,8
DA:229,8
DA:230,8
DA:231,8
DA:232,8
DA:235,16
DA:236,8
DA:240,6
DA:241,6
DA:242,6
DA:243,6
DA:244,3
DA:247,8
DA:248,16
DA:249,2
DA:250,2
DA:254,2
DA:259,4
DA:260,4
DA:261,2
DA:266,8
DA:268,3
DA:269,14
DA:271,2
DA:304,14
DA:305,7
DA:308,0
DA:310,14
DA:311,7
DA:323,7
DA:324,7
DA:326,21
DA:327,7
DA:332,3
DA:337,12
LF:126
LH:120
end_of_record
SF:lib/services/vosk_service.dart
DA:17,0
DA:21,0
DA:23,0
DA:25,0
DA:26,0
DA:28,0
DA:30,0
DA:43,0
DA:44,0
DA:48,0
DA:49,0
DA:51,0
DA:56,0
DA:58,0
DA:60,0
DA:68,9
DA:82,0
DA:83,0
DA:84,1
DA:85,2
DA:97,2
DA:98,2
DA:99,3
DA:100,0
DA:101,0
DA:104,1
DA:105,1
DA:106,1
DA:108,2
DA:109,1
DA:112,1
DA:113,2
DA:114,1
DA:115,1
DA:116,2
DA:117,1
DA:118,2
DA:122,1
DA:125,1
DA:126,1
DA:127,1
DA:129,1
DA:130,0
DA:132,1
DA:133,2
DA:134,1
DA:135,0
DA:138,2
DA:142,1
DA:143,0
DA:144,0
DA:148,1
DA:149,1
DA:150,1
DA:153,1
DA:154,1
DA:155,0
DA:156,0
DA:158,0
DA:161,2
DA:163,2
DA:168,2
DA:169,2
DA:170,2
DA:171,2
DA:172,2
DA:173,2
DA:174,2
DA:176,2
DA:179,2
DA:182,2
DA:184,2
DA:185,2
DA:186,2
LF:74
LH:48
end_of_record
SF:lib/arabic_command_parser.dart
DA:9,0
DA:11,1
DA:12,1
DA:13,1
DA:16,2
DA:18,1
DA:19,2
DA:24,1
DA:38,1
DA:39,1
DA:40,2
DA:41,2
DA:42,2
DA:44,2
DA:45,2
DA:46,1
DA:47,1
DA:49,2
DA:50,3
DA:51,2
DA:52,3
DA:53,2
DA:69,1
DA:70,8
DA:72,5
DA:74,4
DA:76,1
DA:77,2
DA:78,0
DA:81,1
DA:82,2
DA:83,2
LF:32
LH:30
end_of_record
SF:lib/gemma_isolate_service.dart
DA:9,1
DA:18,1
DA:21,1
DA:22,2
DA:24,1
DA:28,1
DA:29,1
DA:30,2
DA:32,2
DA:33,1
DA:37,2
DA:38,2
DA:40,0
DA:44,0
DA:52,1
DA:55,0
DA:58,1
DA:59,2
DA:60,1
DA:62,1
DA:63,1
DA:68,1
DA:69,1
LF:23
LH:20
end_of_record
