SF:lib/ai_agent_service.dart
DA:12,6
DA:17,2
DA:18,6
DA:19,6
DA:43,2
DA:44,2
DA:46,4
DA:48,8
DA:49,4
DA:50,4
DA:51,2
DA:55,6
DA:57,1
DA:58,1
DA:59,1
DA:62,1
DA:63,1
DA:64,1
DA:67,0
DA:68,4
DA:72,1
DA:79,1
DA:80,1
DA:81,1
DA:82,1
DA:83,1
DA:90,1
DA:92,0
DA:94,0
DA:95,0
DA:96,0
DA:97,0
DA:100,0
DA:101,0
DA:102,0
DA:105,0
DA:109,1
DA:112,1
DA:113,2
DA:115,1
DA:116,2
DA:117,1
DA:118,4
DA:119,1
DA:120,1
DA:121,1
DA:122,0
DA:123,2
DA:126,1
DA:127,1
DA:129,3
DA:133,1
DA:134,2
DA:135,1
DA:136,2
DA:137,1
DA:138,1
DA:139,2
DA:140,1
DA:143,1
DA:144,1
DA:145,1
DA:147,2
DA:148,1
DA:149,2
DA:150,3
DA:151,0
DA:152,0
DA:154,1
DA:155,1
DA:157,0
DA:159,1
DA:160,2
DA:161,0
DA:165,0
DA:166,0
DA:167,0
DA:168,0
DA:169,0
DA:170,0
DA:172,0
DA:174,0
DA:175,0
DA:176,0
DA:180,2
DA:181,2
DA:182,2
DA:183,3
DA:184,2
DA:186,4
DA:187,3
DA:188,3
DA:190,2
DA:192,0
DA:193,0
DA:195,0
DA:197,2
DA:200,2
DA:201,2
DA:202,4
DA:205,2
DA:207,2
DA:208,2
DA:209,5
DA:215,1
DA:217,1
DA:218,1
DA:219,1
DA:220,1
DA:221,2
DA:222,2
DA:223,1
DA:227,2
DA:228,2
DA:229,2
DA:231,2
DA:232,2
DA:233,4
DA:234,2
DA:235,4
DA:236,6
DA:237,0
DA:238,0
DA:240,2
DA:241,4
DA:242,2
DA:243,4
DA:244,4
DA:245,4
DA:246,4
DA:247,6
DA:249,0
DA:252,2
DA:256,4
DA:258,4
DA:260,4
DA:261,4
DA:262,4
DA:263,4
DA:265,8
DA:269,1
DA:270,1
DA:273,2
DA:274,2
DA:275,1
DA:279,1
DA:280,1
DA:282,2
DA:283,1
DA:289,4
DA:290,8
DA:293,3
DA:294,3
DA:297,4
DA:299,4
DA:300,4
DA:301,4
DA:303,4
DA:304,4
DA:305,4
DA:306,4
DA:307,4
DA:308,4
DA:310,4
DA:311,2
DA:312,2
DA:313,2
DA:321,4
DA:322,4
DA:323,4
DA:325,6
DA:326,4
DA:328,4
DA:329,2
DA:330,2
DA:331,2
DA:341,4
DA:343,3
DA:345,5
DA:346,7
DA:348,7
DA:349,4
DA:350,4
DA:351,2
DA:352,4
DA:353,4
DA:354,4
DA:355,1
DA:357,4
DA:358,4
DA:359,8
DA:360,4
DA:361,1
DA:363,4
DA:365,4
DA:366,4
DA:367,4
DA:375,4
DA:377,4
DA:378,2
DA:379,2
DA:380,2
DA:381,2
DA:385,5
DA:386,5
DA:387,5
DA:388,4
DA:391,8
DA:394,4
DA:397,8
DA:398,4
DA:399,4
DA:401,4
DA:402,4
DA:403,4
DA:405,4
DA:415,4
DA:416,4
DA:417,8
DA:418,8
DA:419,8
DA:420,8
DA:421,4
DA:422,4
DA:426,1
DA:427,1
DA:428,1
DA:429,1
DA:431,1
DA:432,1
DA:434,1
LF:231
LH:200
end_of_record
SF:lib/yemeni_dictionary.dart
DA:78,5
DA:79,5
DA:80,10
DA:81,5
DA:82,3
LF:5
LH:5
end_of_record
SF:lib/database_service.dart
DA:11,6
DA:13,6
DA:17,6
DA:18,6
DA:19,6
DA:21,6
DA:24,1
DA:25,1
DA:37,1
DA:38,1
DA:39,1
DA:45,6
DA:46,6
DA:47,6
DA:48,1
DA:49,1
DA:50,2
DA:51,2
DA:53,1
DA:54,1
DA:56,1
DA:57,1
DA:58,0
DA:59,1
DA:60,2
DA:61,1
DA:62,1
DA:64,2
DA:72,1
DA:76,5
DA:82,5
DA:83,5
DA:85,25
DA:87,5
DA:89,5
DA:94,10
DA:102,2
DA:103,2
DA:104,2
DA:106,4
DA:107,6
DA:108,2
DA:110,8
DA:111,2
DA:113,2
DA:115,2
DA:116,2
DA:117,2
DA:118,4
DA:119,2
DA:127,1
DA:128,1
DA:129,1
DA:130,2
DA:133,3
DA:134,3
DA:135,3
DA:137,3
DA:142,4
DA:147,4
DA:148,4
DA:151,2
DA:154,2
DA:159,4
DA:167,5
DA:168,5
DA:169,5
DA:170,5
DA:171,25
DA:173,5
DA:175,5
DA:178,15
DA:179,15
DA:184,4
DA:185,4
DA:186,4
DA:187,4
DA:189,4
DA:192,4
DA:199,1
DA:200,1
DA:201,1
DA:203,1
DA:210,1
DA:211,3
DA:212,3
DA:213,1
DA:218,1
DA:221,1
DA:222,1
DA:223,1
DA:232,1
DA:235,2
DA:236,2
DA:237,2
DA:238,1
DA:239,2
DA:242,1
DA:245,1
DA:246,1
DA:247,1
DA:251,6
DA:255,6
LF:103
LH:102
end_of_record
SF:lib/services/gemini_service.dart
DA:14,7
DA:32,1
DA:33,3
DA:34,1
DA:37,1
DA:38,2
DA:39,2
DA:40,1
DA:41,1
DA:42,1
DA:50,2
DA:52,1
DA:53,1
DA:54,1
DA:55,1
DA:57,0
DA:58,0
DA:61,0
DA:62,0
DA:63,0
DA:67,1
DA:68,1
DA:69,1
DA:71,1
DA:75,1
DA:76,1
DA:78,1
DA:97,1
DA:99,1
DA:100,5
DA:102,0
DA:103,0
DA:104,0
DA:105,1
DA:107,1
DA:109,1
DA:116,1
DA:118,2
DA:119,2
DA:120,1
DA:122,1
DA:123,1
DA:124,2
DA:125,2
DA:129,1
DA:130,1
DA:131,1
DA:133,1
DA:139,1
DA:140,3
DA:141,1
DA:144,2
DA:145,1
DA:146,1
DA:147,3
DA:148,2
DA:150,1
DA:151,1
DA:152,1
DA:153,1
DA:154,1
DA:156,1
DA:157,1
DA:158,1
DA:160,2
DA:161,1
DA:162,1
DA:163,2
DA:165,1
DA:169,3
DA:170,1
DA:174,1
DA:175,1
DA:176,1
DA:177,1
DA:178,1
DA:181,2
DA:184,1
DA:185,1
DA:186,1
DA:189,1
DA:190,1
DA:191,1
DA:194,1
DA:195,1
DA:196,1
DA:199,2
LF:87
LH:79
end_of_record
SF:lib/ai_agent_parser.dart
DA:4,4
DA:5,8
DA:6,4
DA:7,4
DA:8,4
DA:9,4
DA:10,4
DA:16,4
DA:20,4
DA:21,4
DA:22,4
DA:23,4
DA:24,4
DA:25,4
DA:28,4
DA:29,4
DA:30,4
DA:31,4
DA:32,4
DA:35,4
DA:36,4
DA:37,4
DA:40,4
DA:41,4
DA:42,4
DA:43,4
DA:46,4
DA:47,3
DA:48,3
DA:49,3
DA:50,3
DA:56,4
DA:58,4
DA:59,3
DA:61,3
DA:62,3
DA:64,3
DA:71,4
DA:72,4
DA:73,8
DA:74,8
DA:75,4
DA:78,6
DA:80,0
DA:85,4
DA:87,8
DA:89,3
DA:94,4
DA:96,4
DA:113,4
DA:114,4
DA:115,4
DA:116,4
DA:117,4
DA:118,4
DA:120,16
DA:122,4
LF:57
LH:56
end_of_record
SF:lib/services/audio_ports.dart
DA:25,7
DA:26,6
DA:30,1
DA:31,2
DA:33,1
DA:35,2
DA:36,1
DA:39,2
DA:40,4
DA:42,1
DA:44,2
DA:46,1
DA:48,1
DA:51,2
DA:52,4
DA:56,1
DA:60,1
DA:61,2
DA:63,1
DA:64,2
DA:66,1
DA:67,2
DA:69,1
DA:70,2
DA:72,1
DA:73,2
DA:81,14
DA:83,1
DA:84,1
DA:95,13
DA:99,5
DA:100,10
DA:102,1
DA:103,2
DA:105,1
DA:106,2
DA:108,5
DA:109,10
LF:38
LH:38
end_of_record
SF:lib/services/vosk_service.dart
DA:17,0
DA:21,0
DA:23,0
DA:25,0
DA:26,0
DA:28,0
DA:30,0
DA:43,0
DA:44,0
DA:48,0
DA:49,0
DA:51,0
DA:56,0
DA:58,0
DA:60,0
DA:68,8
DA:82,0
DA:83,0
DA:84,1
DA:85,2
DA:97,2
DA:98,2
DA:99,3
DA:100,0
DA:101,0
DA:104,1
DA:105,1
DA:106,1
DA:108,2
DA:109,1
DA:112,1
DA:113,2
DA:114,1
DA:115,1
DA:116,2
DA:117,1
DA:118,2
DA:122,1
DA:125,1
DA:126,1
DA:127,1
DA:129,1
DA:130,0
DA:132,1
DA:133,2
DA:134,1
DA:135,0
DA:138,2
DA:142,1
DA:143,0
DA:144,0
DA:148,1
DA:149,1
DA:150,1
DA:153,1
DA:154,1
DA:155,0
DA:156,0
DA:158,0
DA:161,2
DA:163,2
DA:168,2
DA:169,2
DA:170,2
DA:171,2
DA:172,2
DA:173,2
DA:174,2
DA:176,2
DA:179,2
DA:182,2
DA:184,2
DA:185,2
DA:186,2
LF:74
LH:48
end_of_record
SF:lib/gemma_isolate_service.dart
DA:9,1
DA:18,1
DA:21,1
DA:22,2
DA:24,1
DA:28,1
DA:29,1
DA:30,2
DA:32,2
DA:33,1
DA:37,2
DA:38,2
DA:40,0
DA:44,0
DA:52,1
DA:55,0
DA:58,1
DA:59,2
DA:60,1
DA:62,1
DA:63,1
DA:68,1
DA:69,1
LF:23
LH:20
end_of_record
SF:lib/export_service.dart
DA:16,7
DA:18,0
DA:20,0
DA:21,0
DA:31,7
DA:33,3
DA:35,3
DA:36,9
DA:37,3
DA:43,11
DA:52,2
DA:55,2
DA:56,4
DA:60,2
DA:61,4
DA:65,2
DA:69,2
DA:70,2
DA:72,8
DA:75,2
DA:76,2
DA:79,4
DA:81,2
DA:83,2
DA:84,2
DA:86,2
DA:91,2
DA:92,2
DA:95,6
DA:96,4
DA:97,4
DA:98,4
DA:99,4
DA:101,2
DA:103,2
DA:104,2
DA:106,2
DA:107,4
DA:108,2
DA:117,2
DA:118,2
DA:119,0
DA:124,1
DA:127,1
DA:128,2
DA:131,3
DA:134,3
DA:135,3
DA:136,6
DA:137,3
DA:138,3
DA:139,3
DA:140,3
DA:143,6
DA:144,6
DA:145,9
DA:146,9
DA:147,9
DA:148,9
DA:152,3
DA:153,3
DA:154,0
DA:157,6
DA:158,9
LF:64
LH:59
end_of_record
SF:lib/providers.dart
DA:8,6
DA:9,2
DA:12,6
DA:13,2
DA:16,6
DA:17,4
DA:20,9
DA:21,2
DA:24,4
DA:26,4
DA:27,4
DA:28,0
DA:29,0
LF:13
LH:11
end_of_record
SF:lib/services/permission_service.dart
DA:11,5
DA:13,1
DA:14,1
DA:17,0
DA:18,0
DA:21,0
DA:27,0
DA:28,0
DA:29,0
DA:32,0
DA:36,2
DA:41,10
DA:42,6
DA:43,1
DA:44,1
DA:45,2
DA:46,2
DA:47,2
LF:18
LH:11
end_of_record
SF:lib/main.dart
DA:19,0
DA:20,0
DA:21,0
DA:25,6
DA:46,2
DA:48,2
DA:49,2
DA:51,2
DA:54,2
DA:55,2
DA:62,4
DA:70,2
DA:71,2
DA:79,4
DA:98,2
DA:99,2
DA:100,2
DA:111,2
DA:112,2
DA:113,2
DA:114,2
DA:115,2
DA:116,2
DA:117,2
DA:118,2
DA:125,2
DA:146,2
DA:148,2
DA:180,2
DA:182,2
DA:183,12
DA:184,12
DA:185,2
DA:186,4
DA:187,2
DA:188,10
DA:190,6
DA:191,4
DA:192,1
DA:193,1
DA:196,2
DA:200,2
DA:202,4
DA:203,6
DA:204,2
DA:207,0
DA:208,0
DA:209,0
DA:210,0
DA:214,1
DA:215,1
DA:216,3
DA:217,2
DA:218,1
DA:219,1
DA:220,2
DA:221,1
DA:222,2
DA:226,1
DA:227,1
DA:231,1
DA:234,1
DA:235,1
DA:236,3
DA:237,1
DA:239,1
DA:241,0
DA:247,1
DA:248,2
DA:249,1
DA:250,0
DA:251,0
DA:253,0
DA:254,0
DA:255,0
DA:261,1
DA:262,4
DA:264,2
DA:265,1
DA:266,1
DA:269,4
DA:273,1
DA:274,2
DA:275,0
DA:276,0
DA:277,0
DA:278,0
DA:279,0
DA:282,0
DA:283,1
DA:284,1
DA:285,2
DA:286,1
DA:287,3
DA:293,0
DA:294,0
DA:295,0
DA:296,0
DA:297,0
DA:298,0
DA:301,0
DA:302,0
DA:304,0
DA:306,0
DA:310,0
DA:311,0
DA:313,0
DA:315,0
DA:316,0
DA:320,1
DA:321,1
DA:322,3
DA:324,2
DA:325,1
DA:326,0
DA:331,1
DA:332,1
DA:334,2
DA:335,1
DA:336,1
DA:337,1
DA:338,1
DA:342,3
DA:344,1
DA:347,1
DA:352,1
DA:356,1
DA:359,0
DA:360,0
DA:361,0
DA:365,1
DA:378,1
DA:379,1
DA:380,1
DA:381,1
DA:384,0
DA:385,0
DA:386,0
DA:387,0
DA:388,0
DA:389,0
DA:397,1
DA:398,1
DA:401,0
DA:402,0
DA:403,0
DA:404,0
DA:405,0
DA:406,0
DA:407,0
DA:408,0
DA:409,0
DA:436,0
DA:439,1
DA:440,1
DA:441,2
DA:442,1
DA:443,2
DA:444,1
DA:445,1
DA:446,1
DA:447,2
DA:451,1
DA:452,2
DA:453,2
DA:454,2
DA:455,2
DA:457,1
DA:458,2
DA:459,2
DA:460,4
DA:461,1
DA:462,2
DA:463,2
DA:464,2
DA:467,4
DA:471,1
DA:472,1
DA:473,3
DA:475,3
DA:476,1
DA:478,1
DA:479,3
DA:483,1
DA:484,3
DA:485,3
DA:488,4
DA:492,1
DA:493,1
DA:494,3
DA:497,3
DA:498,1
DA:500,1
DA:501,3
DA:502,4
DA:505,1
DA:506,3
DA:507,3
DA:510,4
DA:514,1
DA:515,2
DA:516,1
DA:517,0
DA:518,0
DA:520,3
DA:522,2
DA:527,3
DA:532,3
DA:534,6
DA:535,2
DA:537,1
DA:539,0
DA:541,3
DA:542,1
DA:543,1
DA:544,3
DA:545,3
DA:549,3
DA:550,3
DA:555,1
DA:556,3
DA:557,1
DA:558,2
DA:559,1
DA:560,1
DA:561,1
DA:562,1
DA:565,2
DA:566,1
DA:567,2
DA:568,1
DA:569,1
DA:570,1
DA:572,1
DA:574,1
DA:575,2
DA:576,1
DA:577,1
DA:578,2
DA:583,0
DA:584,0
DA:585,0
DA:586,0
DA:589,1
DA:590,1
DA:591,2
DA:592,3
DA:595,1
DA:596,4
DA:597,4
DA:598,4
DA:600,1
DA:601,1
DA:602,0
DA:604,1
DA:607,2
DA:609,4
DA:611,2
DA:612,2
DA:613,2
DA:614,2
DA:615,2
DA:619,2
DA:620,2
DA:623,2
DA:626,2
DA:627,2
DA:629,2
DA:632,2
DA:633,2
DA:641,4
DA:646,2
DA:647,2
DA:648,2
DA:649,2
DA:653,2
DA:654,2
DA:655,2
DA:656,4
DA:657,4
DA:660,2
DA:661,2
DA:662,4
DA:664,2
DA:665,2
DA:666,2
DA:667,2
DA:668,4
DA:672,2
DA:673,2
DA:674,2
DA:675,2
DA:678,2
DA:684,2
DA:685,4
DA:690,2
DA:691,4
DA:693,1
DA:694,1
DA:695,0
DA:697,1
DA:701,6
DA:703,4
DA:705,4
DA:706,2
DA:715,2
DA:716,4
DA:718,4
DA:724,2
DA:725,2
DA:726,1
DA:727,2
DA:728,1
DA:762,2
DA:763,2
DA:765,2
DA:766,2
DA:768,2
DA:769,2
DA:770,2
DA:771,2
DA:772,4
DA:775,2
DA:776,2
DA:777,2
DA:778,4
DA:783,2
DA:785,2
DA:789,2
DA:790,6
DA:797,2
DA:799,2
DA:800,2
DA:802,6
DA:804,2
DA:806,6
DA:812,6
DA:817,2
DA:820,2
DA:821,2
DA:822,2
DA:823,2
DA:824,2
DA:828,2
DA:831,2
DA:832,2
DA:833,4
DA:837,2
DA:838,4
DA:848,2
DA:849,1
DA:850,4
DA:854,1
DA:858,5
DA:859,1
DA:860,2
DA:861,1
DA:864,1
DA:865,1
DA:866,1
DA:867,1
DA:868,2
DA:869,1
DA:870,1
DA:871,1
DA:872,2
DA:875,2
DA:880,1
DA:881,1
DA:882,1
DA:886,4
DA:887,1
DA:888,2
DA:889,1
DA:891,2
DA:904,2
DA:905,2
DA:906,7
DA:907,2
DA:908,6
DA:910,2
DA:912,2
DA:914,2
DA:918,2
DA:919,2
DA:920,2
DA:921,2
DA:922,2
DA:924,2
DA:925,1
DA:926,2
DA:930,2
DA:936,0
DA:937,0
DA:939,0
DA:940,0
DA:941,0
DA:942,0
DA:955,2
DA:956,2
DA:957,3
DA:958,2
DA:959,2
DA:960,2
DA:961,2
DA:962,2
DA:963,2
DA:965,2
DA:967,2
DA:971,2
DA:972,2
DA:974,0
DA:975,0
DA:976,0
DA:977,0
DA:978,0
DA:980,0
DA:981,0
DA:982,0
DA:983,0
DA:997,2
DA:998,2
DA:1000,2
DA:1002,2
DA:1006,2
DA:1007,4
DA:1011,1
DA:1012,2
DA:1013,1
DA:1014,2
DA:1015,1
DA:1017,1
DA:1018,2
DA:1019,1
DA:1020,3
DA:1033,1
DA:1034,1
DA:1035,1
DA:1037,2
DA:1039,1
DA:1040,1
DA:1041,1
DA:1053,2
DA:1054,2
DA:1056,2
DA:1057,2
DA:1060,2
DA:1061,2
DA:1067,2
DA:1068,2
DA:1069,2
DA:1070,2
DA:1071,1
DA:1072,2
DA:1073,2
DA:1074,3
DA:1075,3
DA:1077,1
DA:1078,4
DA:1080,1
LF:460
LH:382
end_of_record
SF:lib/profit_report_screen.dart
DA:8,5
DA:10,1
DA:12,2
DA:13,3
DA:14,2
DA:16,1
DA:17,1
DA:18,1
DA:19,1
DA:20,2
DA:21,2
DA:23,2
DA:24,0
DA:25,0
DA:26,0
DA:28,1
DA:30,1
DA:31,1
DA:32,1
DA:40,1
DA:43,3
DA:45,2
DA:47,1
DA:48,1
DA:50,4
DA:58,1
DA:59,1
DA:61,1
DA:63,1
DA:66,1
DA:67,1
DA:69,1
DA:70,1
DA:72,1
DA:73,1
DA:80,1
DA:81,1
DA:84,2
DA:85,1
DA:90,1
DA:91,1
DA:94,1
DA:95,1
DA:96,3
DA:99,1
DA:101,1
DA:102,3
DA:110,1
DA:112,2
DA:113,1
DA:114,1
DA:116,1
DA:117,1
DA:118,2
DA:119,1
DA:122,3
DA:123,1
DA:124,1
DA:125,1
DA:136,2
DA:137,2
DA:138,3
DA:139,1
DA:140,7
DA:142,1
DA:143,3
DA:144,1
DA:146,2
DA:147,1
DA:148,1
DA:160,1
DA:161,4
DA:162,1
DA:163,2
DA:164,2
DA:167,1
DA:168,4
DA:169,1
DA:170,2
DA:171,2
DA:174,1
DA:175,2
DA:176,0
DA:178,2
DA:179,3
DA:181,1
LF:86
LH:82
end_of_record
